#
# There is insufficient memory for the Java Runtime Environment to continue.
# Native memory allocation (mmap) failed to map 536870912 bytes for Failed to commit area from 0x0000000600c00000 to 0x0000000620c00000 of length 536870912.
# Possible reasons:
#   The system is out of physical RAM or swap space
#   The process is running with CompressedOops enabled, and the Java Heap may be blocking the growth of the native heap
# Possible solutions:
#   Reduce memory load on the system
#   Increase physical memory or swap space
#   Check if swap backing store is full
#   Decrease Java heap size (-Xmx/-Xms)
#   Decrease number of Java threads
#   Decrease Java thread stack sizes (-Xss)
#   Set larger code cache with -XX:ReservedCodeCacheSize=
# This output file may be truncated or incomplete.
#
#  Out of Memory Error (./src/hotspot/os/windows/os_windows.cpp:3303), pid=29160, tid=11476
#
# JRE version:  (11.0.8+10) (build )
# Java VM: OpenJDK 64-Bit Server VM (11.0.8+10-b944.34, mixed mode, sharing, tiered, compressed oops, g1 gc, windows-amd64)
# No core dump will be written. Minidumps are not enabled by default on client versions of Windows
#

---------------  S U M M A R Y ------------

Command Line: org.jetbrains.git4idea.http.GitAskPassApp Username for 'https://github.com': 

Host: AMD Ryzen 7 3700X 8-Core Processor             , 16 cores, 31G,  Windows 10 , 64 bit Build 18362 (10.0.18362.1110)
Time: Tue Dec  8 11:58:35 2020 Argentina Standard Time elapsed time: 0 seconds (0d 0h 0m 0s)

---------------  T H R E A D  ---------------

Current thread (0x0000029d4b7e4800):  JavaThread "Unknown thread" [_thread_in_vm, id=11476, stack(0x000000fcc4f00000,0x000000fcc5000000)]

Stack: [0x000000fcc4f00000,0x000000fcc5000000]
Native frames: (J=compiled Java code, j=interpreted, Vv=VM code, C=native code)
V  [jvm.dll+0x5de35a]
V  [jvm.dll+0x712355]
V  [jvm.dll+0x7138ad]
V  [jvm.dll+0x713f63]
V  [jvm.dll+0x23e628]
V  [jvm.dll+0x5db804]
V  [jvm.dll+0x5d0925]
V  [jvm.dll+0x2faf9b]
V  [jvm.dll+0x2faf0a]
V  [jvm.dll+0x2fade2]
V  [jvm.dll+0x2ffcb6]
V  [jvm.dll+0x3483a3]
V  [jvm.dll+0x348aa6]
V  [jvm.dll+0x3484a3]
V  [jvm.dll+0x2d5be8]
V  [jvm.dll+0x2d6d87]
V  [jvm.dll+0x6f10e7]
V  [jvm.dll+0x6f28dc]
V  [jvm.dll+0x3558f9]
V  [jvm.dll+0x6d492e]
V  [jvm.dll+0x3bdad3]
V  [jvm.dll+0x3bfd01]
C  [jli.dll+0x5373]
C  [ucrtbase.dll+0x210b2]
C  [KERNEL32.DLL+0x17c24]
C  [ntdll.dll+0x6d4d1]


---------------  P R O C E S S  ---------------

Threads class SMR info:
_java_thread_list=0x0000029d4b656930, length=0, elements={
}

Java Threads: ( => current thread )

Other Threads:
  0x0000029d4b72c000 GCTaskThread "GC Thread#0" [stack: 0x000000fcc5000000,0x000000fcc5100000] [id=26648]
  0x0000029d4b879800 ConcurrentGCThread "G1 Main Marker" [stack: 0x000000fcc5100000,0x000000fcc5200000] [id=41768]
  0x0000029d4b87b000 ConcurrentGCThread "G1 Conc#0" [stack: 0x000000fcc5200000,0x000000fcc5300000] [id=30784]

[error occurred during error reporting (printing all threads), id 0xc0000005, EXCEPTION_ACCESS_VIOLATION (0xc0000005) at pc=0x00007ffb9ea860c7]

VM state:not at safepoint (not fully initialized)

VM Mutex/Monitor currently owned by a thread:  ([mutex/lock_event])
[0x0000029d4b7e1360] Heap_lock - owner thread: 0x0000029d4b7e4800

Heap address: 0x0000000600c00000, size: 8180 MB, Compressed Oops mode: Non-zero based: 0x0000000600c00000
Narrow klass base: 0x0000000000000000, Narrow klass shift: 0

GC Heap History (0 events):
No events

Deoptimization events (0 events):
No events

Classes redefined (0 events):
No events

Internal exceptions (0 events):
No events

Events (1 events):
Event: 0.004 Loaded shared library C:\Program Files\JetBrains\WebStorm 2019.3.1\jbr\bin\zip.dll


Dynamic libraries:
0x00007ff69a070000 - 0x00007ff69a07a000 	C:\Program Files\JetBrains\WebStorm 2019.3.1\jbr\bin\java.exe
0x00007ffc13f00000 - 0x00007ffc140f0000 	C:\Windows\SYSTEM32\ntdll.dll
0x00007ffc122f0000 - 0x00007ffc123a2000 	C:\Windows\System32\KERNEL32.DLL
0x00007ffc11ca0000 - 0x00007ffc11f45000 	C:\Windows\System32\KERNELBASE.dll
0x00007ffc10e80000 - 0x00007ffc10f7a000 	C:\Windows\System32\ucrtbase.dll
0x00007ffc09ca0000 - 0x00007ffc09cb9000 	C:\Program Files\JetBrains\WebStorm 2019.3.1\jbr\bin\jli.dll
0x00007ffc078c0000 - 0x00007ffc078d7000 	C:\Program Files\JetBrains\WebStorm 2019.3.1\jbr\bin\VCRUNTIME140.dll
0x00007ffc123b0000 - 0x00007ffc12544000 	C:\Windows\System32\USER32.dll
0x00007ffc10f80000 - 0x00007ffc10fa1000 	C:\Windows\System32\win32u.dll
0x00007ffc047b0000 - 0x00007ffc04a34000 	C:\Windows\WinSxS\amd64_microsoft.windows.common-controls_6595b64144ccf1df_6.0.18362.1198_none_9e820b57e45ad92f\COMCTL32.dll
0x00007ffc12240000 - 0x00007ffc12266000 	C:\Windows\System32\GDI32.dll
0x00007ffc13090000 - 0x00007ffc1312e000 	C:\Windows\System32\msvcrt.dll
0x00007ffc11050000 - 0x00007ffc111e6000 	C:\Windows\System32\gdi32full.dll
0x00007ffc12830000 - 0x00007ffc12b65000 	C:\Windows\System32\combase.dll
0x00007ffc111f0000 - 0x00007ffc1128e000 	C:\Windows\System32\msvcp_win.dll
0x00007ffc126d0000 - 0x00007ffc127f0000 	C:\Windows\System32\RPCRT4.dll
0x00007ffc10fb0000 - 0x00007ffc11030000 	C:\Windows\System32\bcryptPrimitives.dll
0x00007ffc127f0000 - 0x00007ffc1281e000 	C:\Windows\System32\IMM32.DLL
0x00007ffbf81d0000 - 0x00007ffbf826d000 	C:\Program Files\JetBrains\WebStorm 2019.3.1\jbr\bin\msvcp140.dll
0x00007ffb9e7a0000 - 0x00007ffb9f25d000 	C:\Program Files\JetBrains\WebStorm 2019.3.1\jbr\bin\server\jvm.dll
0x00007ffc13130000 - 0x00007ffc131d3000 	C:\Windows\System32\ADVAPI32.dll
0x00007ffc12fe0000 - 0x00007ffc13077000 	C:\Windows\System32\sechost.dll
0x00007ffc13080000 - 0x00007ffc13088000 	C:\Windows\System32\PSAPI.DLL
0x00007ffc00bb0000 - 0x00007ffc00bb9000 	C:\Windows\SYSTEM32\WSOCK32.dll
0x00007ffc0a780000 - 0x00007ffc0a78a000 	C:\Windows\SYSTEM32\VERSION.dll
0x00007ffc13340000 - 0x00007ffc133af000 	C:\Windows\System32\WS2_32.dll
0x00007ffc0da30000 - 0x00007ffc0da54000 	C:\Windows\SYSTEM32\WINMM.dll
0x00007ffc0da00000 - 0x00007ffc0da2d000 	C:\Windows\SYSTEM32\winmmbase.dll
0x00007ffc11c50000 - 0x00007ffc11c9a000 	C:\Windows\System32\cfgmgr32.dll
0x00007ffc10dc0000 - 0x00007ffc10dd1000 	C:\Windows\System32\kernel.appcore.dll
0x00007ffc07160000 - 0x00007ffc07171000 	C:\Program Files\JetBrains\WebStorm 2019.3.1\jbr\bin\verify.dll
0x00007ffc0b4d0000 - 0x00007ffc0b6c4000 	C:\Windows\SYSTEM32\DBGHELP.DLL
0x00007ffbfe350000 - 0x00007ffbfe37a000 	C:\Windows\SYSTEM32\dbgcore.DLL
0x00007ffc07130000 - 0x00007ffc07159000 	C:\Program Files\JetBrains\WebStorm 2019.3.1\jbr\bin\java.dll
0x00007ffc0ce70000 - 0x00007ffc0ce7b000 	C:\Program Files\JetBrains\WebStorm 2019.3.1\jbr\bin\jimage.dll
0x00007ffc039d0000 - 0x00007ffc039e8000 	C:\Program Files\JetBrains\WebStorm 2019.3.1\jbr\bin\zip.dll

dbghelp: loaded successfully - version: 4.0.5 - missing functions: none
symbol engine: initialized successfully - sym options: 0x614 - pdb path: .;C:\Program Files\JetBrains\WebStorm 2019.3.1\jbr\bin;C:\Windows\SYSTEM32;C:\Windows\WinSxS\amd64_microsoft.windows.common-controls_6595b64144ccf1df_6.0.18362.1198_none_9e820b57e45ad92f;C:\Program Files\JetBrains\WebStorm 2019.3.1\jbr\bin\server

VM Arguments:
java_command: org.jetbrains.git4idea.http.GitAskPassApp Username for 'https://github.com': 
java_class_path (initial): C:/Program Files/JetBrains/WebStorm 2019.3.1/plugins/git4idea/lib/git4idea-rt.jar;C:/Program Files/JetBrains/WebStorm 2019.3.1/lib/xmlrpc-2.0.1.jar;C:/Program Files/JetBrains/WebStorm 2019.3.1/lib/commons-codec-1.14.jar
Launcher Type: SUN_STANDARD

[Global flags]
     intx CICompilerCount                          = 12                                        {product} {ergonomic}
     uint ConcGCThreads                            = 3                                         {product} {ergonomic}
     uint G1ConcRefinementThreads                  = 13                                        {product} {ergonomic}
   size_t G1HeapRegionSize                         = 2097152                                   {product} {ergonomic}
    uintx GCDrainStackTargetSize                   = 64                                        {product} {ergonomic}
   size_t InitialHeapSize                          = 536870912                                 {product} {ergonomic}
   size_t MarkStackSize                            = 4194304                                   {product} {ergonomic}
   size_t MaxHeapSize                              = 8577351680                                {product} {ergonomic}
   size_t MinHeapDeltaBytes                        = 2097152                                   {product} {ergonomic}
    uintx NonNMethodCodeHeapSize                   = 7594288                                {pd product} {ergonomic}
    uintx NonProfiledCodeHeapSize                  = 122031976                              {pd product} {ergonomic}
    uintx ProfiledCodeHeapSize                     = 122031976                              {pd product} {ergonomic}
    uintx ReservedCodeCacheSize                    = 251658240                              {pd product} {ergonomic}
     bool SegmentedCodeCache                       = true                                      {product} {ergonomic}
     bool UseCompressedClassPointers               = true                                 {lp64_product} {ergonomic}
     bool UseCompressedOops                        = true                                 {lp64_product} {ergonomic}
     bool UseG1GC                                  = true                                      {product} {ergonomic}
     bool UseLargePagesIndividualAllocation        = false                                  {pd product} {ergonomic}

Logging:
Log output configuration:
 #0: stdout all=warning uptime,level,tags
 #1: stderr all=off uptime,level,tags

Environment Variables:
PATH=C:/Program Files/Git/mingw64/libexec/git-core;C:/Program Files/Git/mingw64/libexec/git-core;C:\Program Files\Git\mingw64\bin;C:\Program Files\Git\usr\bin;C:\Users\fedde\bin;C:\Program Files\Java\jdk-11.0.6\bin;C:\Python27\;C:\Python27\Scripts;C:\Windows\system32;C:\Windows;C:\Windows\System32\Wbem;C:\Windows\System32\WindowsPowerShell\v1.0\;C:\Windows\System32\OpenSSH\;C:\ProgramData\chocolatey\bin;C:\Program Files\Git\cmd;C:\Program Files\PuTTY\;C:\Program Files\nodejs\;C:\Program Files\NVIDIA Corporation\NVIDIA NvDLISR;C:\Program Files\dotnet\;C:\Program Files (x86)\NVIDIA Corporation\PhysX\Common;C:\gradle-6.2.2\bin;C:\apache-ant-1.10.7\bin;C:\mingw64\bin;C:\Program Files\CMake\bin;C:\Program Files (x86)\Yarn\bin\;C:\Program Files\OpenSSL-Win64\bin;C:\cygwin64\bin;C:\Program Files (x86)\Windows Kits\10\Windows Performance Toolkit\;C:\Proyectos\cartadigital-pwa\node_modules\.bin;C:\Program Files\Java\jdk-11.0.6\bin;C:\Python27\;C:\Python27\Scripts;C:\Windows\system32;C:\Windows;C:\Windows\System32\Wbem;C:\Windows\System32\WindowsPowerShell\v1.0\;C:\Windows\System32\OpenSSH\;C:\ProgramData\chocolatey\bin;C:\Program Files\Git\cmd;C:\Program Files\PuTTY\;C:\Program Files\nodejs\;C:\Program Files\NVIDIA Corporation\NVIDIA NvDLISR;C:\Program Files\dotnet\;C:\Program Files (x86)\NVIDIA Corporation\PhysX\Common;C:\gradle-6.2.2\bin;C:\apache-ant-1.10.7\bin;C:\mingw64\bin;C:\Program Files\CMake\bin;C:\Program Files (x86)\Yarn\bin\;C:\Program Files\OpenSSL-Win64\bin;C:\Users\fedde\AppData\Local\Microsoft\WindowsApps;C:\Users\fedde\AppData\Roaming\npm;C:\Users\fedde\AppData\Local\Yarn\bin;c:\cygwin64\bin
USERNAME=fedde
DISPLAY=:0.0
LC_ALL=en_US.UTF-8
OS=Windows_NT
PROCESSOR_IDENTIFIER=AMD64 Family 23 Model 113 Stepping 0, AuthenticAMD



---------------  S Y S T E M  ---------------

OS: Windows 10 , 64 bit Build 18362 (10.0.18362.1110)
OS uptime: 14 days 13:57 hours

CPU:total 16 (initial active 16) (16 cores per cpu, 2 threads per core) family 23 model 113 stepping 0, cmov, cx8, fxsr, mmx, sse, sse2, sse3, ssse3, sse4.1, sse4.2, popcnt, avx, avx2, aes, clmul, mmxext, 3dnowpref, lzcnt, sse4a, ht, tsc, tscinvbit, tscinv, bmi1, bmi2, adx, sha, fma

Memory: 4k page, system-wide physical 32718M (2216M free)
TotalPageFile size 130986M (AvailPageFile size 405M)
current process WorkingSet (physical memory assigned to process): 10M, peak: 10M
current process commit charge ("private bytes"): 71M, peak: 583M

vm_info: OpenJDK 64-Bit Server VM (11.0.8+10-b944.34) for windows-amd64 JRE (11.0.8+10-b944.34), built on Sep 11 2020 15:32:11 by "" with MS VC++ 14.0 (VS2015)

END.
